<?xml version="1.0" encoding="UTF-8"?>
<!-- Generated by org.testng.reporters.JUnitXMLReporter -->
<testsuite ignored="1" hostname="WKWZTCG72X1q0Xh" failures="0" tests="8" name="Test" time="15.511" errors="0" timestamp="2025-07-28T19:33:54 IST">
  <testcase classname="APITests.CRUDE_POST" name="CreateItems" time="4.322"/>
  <testcase classname="APITests.CRUDE_POST" name="CreateItemWithInvalidPayload" time="1.246"/>
  <testcase classname="APITests.CRUDE_GET" name="GetItem" time="1.043"/>
  <testcase classname="APITests.CRUDE_GET" name="GetAllItems" time="1.141"/>
  <testcase classname="APITests.CRUDE_UPDATE" name="UpdateItem" time="1.211"/>
  <testcase classname="APITests.CRUDE_UPDATE" name="UpdateWithInvalidID" time="1.139"/>
  <testcase classname="APITests.CRUDE_DELETE" name="GetItem" time="3.835"/>
  <testcase classname="APITests.CRUDE_DELETE" name="DeleteWithInvalidID" time="1.164"/>
  <testcase classname="APITests.CRUDE_GET" name="loginTest" time="0.0">
    <ignored/>
  </testcase> <!-- loginTest -->
</testsuite> <!-- Test -->
