<?xml version="1.0" encoding="UTF-8"?>
<testng-results ignored="1" total="9" passed="8" failed="0" skipped="0">
  <reporter-output>
  </reporter-output>
  <suite started-at="2025-07-28T19:33:39 IST" name="Suite" finished-at="2025-07-28T19:33:54 IST" duration-ms="15511">
    <groups>
    </groups>
    <test started-at="2025-07-28T19:33:39 IST" name="Test" finished-at="2025-07-28T19:33:54 IST" duration-ms="15511">
      <class name="APITests.CRUDE_DELETE">
        <test-method signature="GetItem()[pri:1, instance:APITests.CRUDE_DELETE@e15b7e8]" started-at="2025-07-28T19:33:49 IST" name="GetItem" finished-at="2025-07-28T19:33:53 IST" duration-ms="3835" status="PASS">
          <reporter-output>
          </reporter-output>
        </test-method> <!-- GetItem -->
        <test-method is-config="true" signature="setup()[pri:0, instance:APITests.CRUDE_DELETE@e15b7e8]" started-at="2025-07-28T19:33:49 IST" name="setup" finished-at="2025-07-28T19:33:49 IST" duration-ms="0" status="PASS">
          <reporter-output>
          </reporter-output>
        </test-method> <!-- setup -->
        <test-method signature="DeleteWithInvalidID()[pri:2, instance:APITests.CRUDE_DELETE@e15b7e8]" started-at="2025-07-28T19:33:53 IST" name="DeleteWithInvalidID" finished-at="2025-07-28T19:33:54 IST" duration-ms="1164" status="PASS">
          <reporter-output>
          </reporter-output>
        </test-method> <!-- DeleteWithInvalidID -->
      </class> <!-- APITests.CRUDE_DELETE -->
      <class name="APITests.CRUDE_POST">
        <test-method is-config="true" signature="setup()[pri:0, instance:APITests.CRUDE_POST@2c35e847]" started-at="2025-07-28T19:33:39 IST" name="setup" finished-at="2025-07-28T19:33:39 IST" duration-ms="366" status="PASS">
          <reporter-output>
          </reporter-output>
        </test-method> <!-- setup -->
        <test-method signature="CreateItems()[pri:1, instance:APITests.CRUDE_POST@2c35e847]" started-at="2025-07-28T19:33:39 IST" name="CreateItems" finished-at="2025-07-28T19:33:43 IST" duration-ms="4322" status="PASS">
          <reporter-output>
          </reporter-output>
        </test-method> <!-- CreateItems -->
        <test-method signature="CreateItemWithInvalidPayload()[pri:2, instance:APITests.CRUDE_POST@2c35e847]" started-at="2025-07-28T19:33:43 IST" name="CreateItemWithInvalidPayload" finished-at="2025-07-28T19:33:45 IST" duration-ms="1246" status="PASS">
          <reporter-output>
          </reporter-output>
        </test-method> <!-- CreateItemWithInvalidPayload -->
      </class> <!-- APITests.CRUDE_POST -->
      <class name="APITests.CRUDE_GET">
        <test-method is-config="true" signature="setup()[pri:0, instance:APITests.CRUDE_GET@6fd83fc1]" started-at="2025-07-28T19:33:45 IST" name="setup" finished-at="2025-07-28T19:33:45 IST" duration-ms="0" status="PASS">
          <reporter-output>
          </reporter-output>
        </test-method> <!-- setup -->
        <test-method signature="GetItem()[pri:1, instance:APITests.CRUDE_GET@6fd83fc1]" started-at="2025-07-28T19:33:45 IST" name="GetItem" finished-at="2025-07-28T19:33:46 IST" depends-on-methods="APITests.CRUDE_POST.CreateItems" duration-ms="1043" status="PASS">
          <reporter-output>
          </reporter-output>
        </test-method> <!-- GetItem -->
        <test-method signature="GetAllItems()[pri:2, instance:APITests.CRUDE_GET@6fd83fc1]" started-at="2025-07-28T19:33:46 IST" name="GetAllItems" finished-at="2025-07-28T19:33:47 IST" duration-ms="1141" status="PASS">
          <reporter-output>
          </reporter-output>
        </test-method> <!-- GetAllItems -->
      </class> <!-- APITests.CRUDE_GET -->
      <class name="APITests.CRUDE_UPDATE">
        <test-method signature="UpdateItem()[pri:1, instance:APITests.CRUDE_UPDATE@4f2b503c]" started-at="2025-07-28T19:33:47 IST" name="UpdateItem" finished-at="2025-07-28T19:33:48 IST" duration-ms="1211" status="PASS">
          <reporter-output>
          </reporter-output>
        </test-method> <!-- UpdateItem -->
        <test-method is-config="true" signature="setup()[pri:0, instance:APITests.CRUDE_UPDATE@4f2b503c]" started-at="2025-07-28T19:33:47 IST" name="setup" finished-at="2025-07-28T19:33:47 IST" duration-ms="0" status="PASS">
          <reporter-output>
          </reporter-output>
        </test-method> <!-- setup -->
        <test-method signature="UpdateWithInvalidID()[pri:1, instance:APITests.CRUDE_UPDATE@4f2b503c]" started-at="2025-07-28T19:33:48 IST" name="UpdateWithInvalidID" finished-at="2025-07-28T19:33:49 IST" duration-ms="1139" status="PASS">
          <reporter-output>
          </reporter-output>
        </test-method> <!-- UpdateWithInvalidID -->
      </class> <!-- APITests.CRUDE_UPDATE -->
    </test> <!-- Test -->
  </suite> <!-- Suite -->
</testng-results>
